0 info it worked if it ends with ok
1 verbose cli [ '/usr/local/bin/node', '/usr/local/bin/npm', 'run', 'lint' ]
2 info using npm@3.5.2
3 info using node@v6.0.0
4 verbose run-script [ 'prelint', 'lint', 'postlint' ]
5 info lifecycle rainbows-lang@0.0.1~prelint: rainbows-lang@0.0.1
6 silly lifecycle rainbows-lang@0.0.1~prelint: no script for prelint, continuing
7 info lifecycle rainbows-lang@0.0.1~lint: rainbows-lang@0.0.1
8 verbose lifecycle rainbows-lang@0.0.1~lint: unsafe-perm in lifecycle true
9 verbose lifecycle rainbows-lang@0.0.1~lint: PATH: /usr/local/lib/node_modules/npm/bin/node-gyp-bin:/home/nate/programming/rainbows/node_modules/.bin:/usr/local/sbin:/usr/local/bin:/usr/sbin:/usr/bin:/sbin:/bin:/usr/games:/usr/local/games:/home/nate/bin:/home/nate/.npm-global/bin
10 verbose lifecycle rainbows-lang@0.0.1~lint: CWD: /home/nate/programming/rainbows
11 silly lifecycle rainbows-lang@0.0.1~lint: Args: [ '-c', 'jshint src scripts bin' ]
12 silly lifecycle rainbows-lang@0.0.1~lint: Returned: code: 2  signal: null
13 info lifecycle rainbows-lang@0.0.1~lint: Failed to exec lint script
14 verbose stack Error: rainbows-lang@0.0.1 lint: `jshint src scripts bin`
14 verbose stack Exit status 2
14 verbose stack     at EventEmitter.<anonymous> (/usr/local/lib/node_modules/npm/lib/utils/lifecycle.js:232:16)
14 verbose stack     at emitTwo (events.js:106:13)
14 verbose stack     at EventEmitter.emit (events.js:191:7)
14 verbose stack     at ChildProcess.<anonymous> (/usr/local/lib/node_modules/npm/lib/utils/spawn.js:24:14)
14 verbose stack     at emitTwo (events.js:106:13)
14 verbose stack     at ChildProcess.emit (events.js:191:7)
14 verbose stack     at maybeClose (internal/child_process.js:850:16)
14 verbose stack     at Process.ChildProcess._handle.onexit (internal/child_process.js:215:5)
15 verbose pkgid rainbows-lang@0.0.1
16 verbose cwd /home/nate/programming/rainbows/bin
17 error Linux 4.2.0-38-generic
18 error argv "/usr/local/bin/node" "/usr/local/bin/npm" "run" "lint"
19 error node v6.0.0
20 error npm  v3.5.2
21 error code ELIFECYCLE
22 error rainbows-lang@0.0.1 lint: `jshint src scripts bin`
22 error Exit status 2
23 error Failed at the rainbows-lang@0.0.1 lint script 'jshint src scripts bin'.
23 error Make sure you have the latest version of node.js and npm installed.
23 error If you do, this is most likely a problem with the rainbows-lang package,
23 error not with npm itself.
23 error Tell the author that this fails on your system:
23 error     jshint src scripts bin
23 error You can get information on how to open an issue for this project with:
23 error     npm bugs rainbows-lang
23 error Or if that isn't available, you can get their info via:
23 error     npm owner ls rainbows-lang
23 error There is likely additional logging output above.
24 verbose exit [ 1, true ]
